{"$message_type":"diagnostic","message":"mismatched types","code":{"code":"E0308","explanation":"Expected type did not match the received type.\n\nErroneous code examples:\n\n```compile_fail,E0308\nfn plus_one(x: i32) -> i32 {\n    x + 1\n}\n\nplus_one(\"Not a number\");\n//       ^^^^^^^^^^^^^^ expected `i32`, found `&str`\n\nif \"Not a bool\" {\n// ^^^^^^^^^^^^ expected `bool`, found `&str`\n}\n\nlet x: f32 = \"Not a float\";\n//     ---   ^^^^^^^^^^^^^ expected `f32`, found `&str`\n//     |\n//     expected due to this\n```\n\nThis error occurs when an expression was used in a place where the compiler\nexpected an expression of a different type. It can occur in several cases, the\nmost common being when calling a function and passing an argument which has a\ndifferent type than the matching type in the function declaration.\n"},"level":"error","spans":[{"file_name":"src/kernel/vm/page_table.rs","byte_start":9160,"byte_end":9170,"line_start":317,"line_end":317,"column_start":38,"column_end":48,"is_primary":true,"text":[{"text":"        self.inner.map(vaddr, paddr, flags_bits)","highlight_start":38,"highlight_end":48}],"label":"expected `PageTableFlags`, found `u64`","suggested_replacement":null,"suggestion_applicability":null,"expansion":null},{"file_name":"src/kernel/vm/page_table.rs","byte_start":9142,"byte_end":9145,"line_start":317,"line_end":317,"column_start":20,"column_end":23,"is_primary":false,"text":[{"text":"        self.inner.map(vaddr, paddr, flags_bits)","highlight_start":20,"highlight_end":23}],"label":"arguments to this method are incorrect","suggested_replacement":null,"suggestion_applicability":null,"expansion":null}],"children":[{"message":"method defined here","code":null,"level":"note","spans":[{"file_name":"src/kernel/vm/mod.rs","byte_start":6417,"byte_end":6422,"line_start":259,"line_end":259,"column_start":51,"column_end":56,"is_primary":false,"text":[{"text":"    fn map(&mut self, vaddr: VAddr, paddr: PAddr, flags: PageTableFlags) -> Result;","highlight_start":51,"highlight_end":56}],"label":"","suggested_replacement":null,"suggestion_applicability":null,"expansion":null},{"file_name":"src/kernel/vm/mod.rs","byte_start":6374,"byte_end":6377,"line_start":259,"line_end":259,"column_start":8,"column_end":11,"is_primary":true,"text":[{"text":"    fn map(&mut self, vaddr: VAddr, paddr: PAddr, flags: PageTableFlags) -> Result;","highlight_start":8,"highlight_end":11}],"label":null,"suggested_replacement":null,"suggestion_applicability":null,"expansion":null}],"children":[],"rendered":null}],"rendered":"\u001b[1m\u001b[91merror[E0308]\u001b[0m\u001b[1m: mismatched types\u001b[0m\n   \u001b[1m\u001b[94m--> \u001b[0msrc/kernel/vm/page_table.rs:317:38\n    \u001b[1m\u001b[94m|\u001b[0m\n\u001b[1m\u001b[94m317\u001b[0m \u001b[1m\u001b[94m|\u001b[0m         self.inner.map(vaddr, paddr, flags_bits)\n    \u001b[1m\u001b[94m|\u001b[0m                    \u001b[1m\u001b[94m---\u001b[0m               \u001b[1m\u001b[91m^^^^^^^^^^\u001b[0m \u001b[1m\u001b[91mexpected `PageTableFlags`, found `u64`\u001b[0m\n    \u001b[1m\u001b[94m|\u001b[0m                    \u001b[1m\u001b[94m|\u001b[0m\n    \u001b[1m\u001b[94m|\u001b[0m                    \u001b[1m\u001b[94marguments to this method are incorrect\u001b[0m\n    \u001b[1m\u001b[94m|\u001b[0m\n\u001b[1m\u001b[92mnote\u001b[0m: method defined here\n   \u001b[1m\u001b[94m--> \u001b[0msrc/kernel/vm/mod.rs:259:8\n    \u001b[1m\u001b[94m|\u001b[0m\n\u001b[1m\u001b[94m259\u001b[0m \u001b[1m\u001b[94m|\u001b[0m     fn map(&mut self, vaddr: VAddr, paddr: PAddr, flags: PageTableFlags) -> Result;\n    \u001b[1m\u001b[94m|\u001b[0m        \u001b[1m\u001b[92m^^^\u001b[0m                                        \u001b[1m\u001b[94m-----\u001b[0m\n\n"}
{"$message_type":"diagnostic","message":"mismatched types","code":{"code":"E0308","explanation":"Expected type did not match the received type.\n\nErroneous code examples:\n\n```compile_fail,E0308\nfn plus_one(x: i32) -> i32 {\n    x + 1\n}\n\nplus_one(\"Not a number\");\n//       ^^^^^^^^^^^^^^ expected `i32`, found `&str`\n\nif \"Not a bool\" {\n// ^^^^^^^^^^^^ expected `bool`, found `&str`\n}\n\nlet x: f32 = \"Not a float\";\n//     ---   ^^^^^^^^^^^^^ expected `f32`, found `&str`\n//     |\n//     expected due to this\n```\n\nThis error occurs when an expression was used in a place where the compiler\nexpected an expression of a different type. It can occur in several cases, the\nmost common being when calling a function and passing an argument which has a\ndifferent type than the matching type in the function declaration.\n"},"level":"error","spans":[{"file_name":"src/kernel/vm/page_table.rs","byte_start":9743,"byte_end":9753,"line_start":339,"line_end":339,"column_start":36,"column_end":46,"is_primary":true,"text":[{"text":"            self.inner.map(va, pa, flags_bits)?;","highlight_start":36,"highlight_end":46}],"label":"expected `PageTableFlags`, found `u64`","suggested_replacement":null,"suggestion_applicability":null,"expansion":null},{"file_name":"src/kernel/vm/page_table.rs","byte_start":9731,"byte_end":9734,"line_start":339,"line_end":339,"column_start":24,"column_end":27,"is_primary":false,"text":[{"text":"            self.inner.map(va, pa, flags_bits)?;","highlight_start":24,"highlight_end":27}],"label":"arguments to this method are incorrect","suggested_replacement":null,"suggestion_applicability":null,"expansion":null}],"children":[{"message":"method defined here","code":null,"level":"note","spans":[{"file_name":"src/kernel/vm/mod.rs","byte_start":6417,"byte_end":6422,"line_start":259,"line_end":259,"column_start":51,"column_end":56,"is_primary":false,"text":[{"text":"    fn map(&mut self, vaddr: VAddr, paddr: PAddr, flags: PageTableFlags) -> Result;","highlight_start":51,"highlight_end":56}],"label":"","suggested_replacement":null,"suggestion_applicability":null,"expansion":null},{"file_name":"src/kernel/vm/mod.rs","byte_start":6374,"byte_end":6377,"line_start":259,"line_end":259,"column_start":8,"column_end":11,"is_primary":true,"text":[{"text":"    fn map(&mut self, vaddr: VAddr, paddr: PAddr, flags: PageTableFlags) -> Result;","highlight_start":8,"highlight_end":11}],"label":null,"suggested_replacement":null,"suggestion_applicability":null,"expansion":null}],"children":[],"rendered":null}],"rendered":"\u001b[1m\u001b[91merror[E0308]\u001b[0m\u001b[1m: mismatched types\u001b[0m\n   \u001b[1m\u001b[94m--> \u001b[0msrc/kernel/vm/page_table.rs:339:36\n    \u001b[1m\u001b[94m|\u001b[0m\n\u001b[1m\u001b[94m339\u001b[0m \u001b[1m\u001b[94m|\u001b[0m             self.inner.map(va, pa, flags_bits)?;\n    \u001b[1m\u001b[94m|\u001b[0m                        \u001b[1m\u001b[94m---\u001b[0m         \u001b[1m\u001b[91m^^^^^^^^^^\u001b[0m \u001b[1m\u001b[91mexpected `PageTableFlags`, found `u64`\u001b[0m\n    \u001b[1m\u001b[94m|\u001b[0m                        \u001b[1m\u001b[94m|\u001b[0m\n    \u001b[1m\u001b[94m|\u001b[0m                        \u001b[1m\u001b[94marguments to this method are incorrect\u001b[0m\n    \u001b[1m\u001b[94m|\u001b[0m\n\u001b[1m\u001b[92mnote\u001b[0m: method defined here\n   \u001b[1m\u001b[94m--> \u001b[0msrc/kernel/vm/mod.rs:259:8\n    \u001b[1m\u001b[94m|\u001b[0m\n\u001b[1m\u001b[94m259\u001b[0m \u001b[1m\u001b[94m|\u001b[0m     fn map(&mut self, vaddr: VAddr, paddr: PAddr, flags: PageTableFlags) -> Result;\n    \u001b[1m\u001b[94m|\u001b[0m        \u001b[1m\u001b[92m^^^\u001b[0m                                        \u001b[1m\u001b[94m-----\u001b[0m\n\n"}
{"$message_type":"diagnostic","message":"mismatched types","code":{"code":"E0308","explanation":"Expected type did not match the received type.\n\nErroneous code examples:\n\n```compile_fail,E0308\nfn plus_one(x: i32) -> i32 {\n    x + 1\n}\n\nplus_one(\"Not a number\");\n//       ^^^^^^^^^^^^^^ expected `i32`, found `&str`\n\nif \"Not a bool\" {\n// ^^^^^^^^^^^^ expected `bool`, found `&str`\n}\n\nlet x: f32 = \"Not a float\";\n//     ---   ^^^^^^^^^^^^^ expected `f32`, found `&str`\n//     |\n//     expected due to this\n```\n\nThis error occurs when an expression was used in a place where the compiler\nexpected an expression of a different type. It can occur in several cases, the\nmost common being when calling a function and passing an argument which has a\ndifferent type than the matching type in the function declaration.\n"},"level":"error","spans":[{"file_name":"src/kernel/vm/page_table.rs","byte_start":10825,"byte_end":10835,"line_start":382,"line_end":382,"column_start":35,"column_end":45,"is_primary":true,"text":[{"text":"        self.inner.protect(vaddr, flags_bits)","highlight_start":35,"highlight_end":45}],"label":"expected `PageTableFlags`, found `u64`","suggested_replacement":null,"suggestion_applicability":null,"expansion":null},{"file_name":"src/kernel/vm/page_table.rs","byte_start":10810,"byte_end":10817,"line_start":382,"line_end":382,"column_start":20,"column_end":27,"is_primary":false,"text":[{"text":"        self.inner.protect(vaddr, flags_bits)","highlight_start":20,"highlight_end":27}],"label":"arguments to this method are incorrect","suggested_replacement":null,"suggestion_applicability":null,"expansion":null}],"children":[{"message":"method defined here","code":null,"level":"note","spans":[{"file_name":"src/kernel/vm/mod.rs","byte_start":6710,"byte_end":6715,"line_start":268,"line_end":268,"column_start":41,"column_end":46,"is_primary":false,"text":[{"text":"    fn protect(&mut self, vaddr: VAddr, flags: PageTableFlags) -> Result;","highlight_start":41,"highlight_end":46}],"label":"","suggested_replacement":null,"suggestion_applicability":null,"expansion":null},{"file_name":"src/kernel/vm/mod.rs","byte_start":6677,"byte_end":6684,"line_start":268,"line_end":268,"column_start":8,"column_end":15,"is_primary":true,"text":[{"text":"    fn protect(&mut self, vaddr: VAddr, flags: PageTableFlags) -> Result;","highlight_start":8,"highlight_end":15}],"label":null,"suggested_replacement":null,"suggestion_applicability":null,"expansion":null}],"children":[],"rendered":null}],"rendered":"\u001b[1m\u001b[91merror[E0308]\u001b[0m\u001b[1m: mismatched types\u001b[0m\n   \u001b[1m\u001b[94m--> \u001b[0msrc/kernel/vm/page_table.rs:382:35\n    \u001b[1m\u001b[94m|\u001b[0m\n\u001b[1m\u001b[94m382\u001b[0m \u001b[1m\u001b[94m|\u001b[0m         self.inner.protect(vaddr, flags_bits)\n    \u001b[1m\u001b[94m|\u001b[0m                    \u001b[1m\u001b[94m-------\u001b[0m        \u001b[1m\u001b[91m^^^^^^^^^^\u001b[0m \u001b[1m\u001b[91mexpected `PageTableFlags`, found `u64`\u001b[0m\n    \u001b[1m\u001b[94m|\u001b[0m                    \u001b[1m\u001b[94m|\u001b[0m\n    \u001b[1m\u001b[94m|\u001b[0m                    \u001b[1m\u001b[94marguments to this method are incorrect\u001b[0m\n    \u001b[1m\u001b[94m|\u001b[0m\n\u001b[1m\u001b[92mnote\u001b[0m: method defined here\n   \u001b[1m\u001b[94m--> \u001b[0msrc/kernel/vm/mod.rs:268:8\n    \u001b[1m\u001b[94m|\u001b[0m\n\u001b[1m\u001b[94m268\u001b[0m \u001b[1m\u001b[94m|\u001b[0m     fn protect(&mut self, vaddr: VAddr, flags: PageTableFlags) -> Result;\n    \u001b[1m\u001b[94m|\u001b[0m        \u001b[1m\u001b[92m^^^^^^^\u001b[0m                          \u001b[1m\u001b[94m-----\u001b[0m\n\n"}
{"$message_type":"diagnostic","message":"mismatched types","code":{"code":"E0308","explanation":"Expected type did not match the received type.\n\nErroneous code examples:\n\n```compile_fail,E0308\nfn plus_one(x: i32) -> i32 {\n    x + 1\n}\n\nplus_one(\"Not a number\");\n//       ^^^^^^^^^^^^^^ expected `i32`, found `&str`\n\nif \"Not a bool\" {\n// ^^^^^^^^^^^^ expected `bool`, found `&str`\n}\n\nlet x: f32 = \"Not a float\";\n//     ---   ^^^^^^^^^^^^^ expected `f32`, found `&str`\n//     |\n//     expected due to this\n```\n\nThis error occurs when an expression was used in a place where the compiler\nexpected an expression of a different type. It can occur in several cases, the\nmost common being when calling a function and passing an argument which has a\ndifferent type than the matching type in the function declaration.\n"},"level":"error","spans":[{"file_name":"src/kernel/vm/page_table.rs","byte_start":11311,"byte_end":11321,"line_start":401,"line_end":401,"column_start":36,"column_end":46,"is_primary":true,"text":[{"text":"            self.inner.protect(va, flags_bits)?;","highlight_start":36,"highlight_end":46}],"label":"expected `PageTableFlags`, found `u64`","suggested_replacement":null,"suggestion_applicability":null,"expansion":null},{"file_name":"src/kernel/vm/page_table.rs","byte_start":11299,"byte_end":11306,"line_start":401,"line_end":401,"column_start":24,"column_end":31,"is_primary":false,"text":[{"text":"            self.inner.protect(va, flags_bits)?;","highlight_start":24,"highlight_end":31}],"label":"arguments to this method are incorrect","suggested_replacement":null,"suggestion_applicability":null,"expansion":null}],"children":[{"message":"method defined here","code":null,"level":"note","spans":[{"file_name":"src/kernel/vm/mod.rs","byte_start":6710,"byte_end":6715,"line_start":268,"line_end":268,"column_start":41,"column_end":46,"is_primary":false,"text":[{"text":"    fn protect(&mut self, vaddr: VAddr, flags: PageTableFlags) -> Result;","highlight_start":41,"highlight_end":46}],"label":"","suggested_replacement":null,"suggestion_applicability":null,"expansion":null},{"file_name":"src/kernel/vm/mod.rs","byte_start":6677,"byte_end":6684,"line_start":268,"line_end":268,"column_start":8,"column_end":15,"is_primary":true,"text":[{"text":"    fn protect(&mut self, vaddr: VAddr, flags: PageTableFlags) -> Result;","highlight_start":8,"highlight_end":15}],"label":null,"suggested_replacement":null,"suggestion_applicability":null,"expansion":null}],"children":[],"rendered":null}],"rendered":"\u001b[1m\u001b[91merror[E0308]\u001b[0m\u001b[1m: mismatched types\u001b[0m\n   \u001b[1m\u001b[94m--> \u001b[0msrc/kernel/vm/page_table.rs:401:36\n    \u001b[1m\u001b[94m|\u001b[0m\n\u001b[1m\u001b[94m401\u001b[0m \u001b[1m\u001b[94m|\u001b[0m             self.inner.protect(va, flags_bits)?;\n    \u001b[1m\u001b[94m|\u001b[0m                        \u001b[1m\u001b[94m-------\u001b[0m     \u001b[1m\u001b[91m^^^^^^^^^^\u001b[0m \u001b[1m\u001b[91mexpected `PageTableFlags`, found `u64`\u001b[0m\n    \u001b[1m\u001b[94m|\u001b[0m                        \u001b[1m\u001b[94m|\u001b[0m\n    \u001b[1m\u001b[94m|\u001b[0m                        \u001b[1m\u001b[94marguments to this method are incorrect\u001b[0m\n    \u001b[1m\u001b[94m|\u001b[0m\n\u001b[1m\u001b[92mnote\u001b[0m: method defined here\n   \u001b[1m\u001b[94m--> \u001b[0msrc/kernel/vm/mod.rs:268:8\n    \u001b[1m\u001b[94m|\u001b[0m\n\u001b[1m\u001b[94m268\u001b[0m \u001b[1m\u001b[94m|\u001b[0m     fn protect(&mut self, vaddr: VAddr, flags: PageTableFlags) -> Result;\n    \u001b[1m\u001b[94m|\u001b[0m        \u001b[1m\u001b[92m^^^^^^^\u001b[0m                          \u001b[1m\u001b[94m-----\u001b[0m\n\n"}
{"$message_type":"diagnostic","message":"aborting due to 4 previous errors","code":null,"level":"error","spans":[],"children":[],"rendered":"\u001b[1m\u001b[91merror\u001b[0m\u001b[1m: aborting due to 4 previous errors\u001b[0m\n\n"}
{"$message_type":"diagnostic","message":"For more information about this error, try `rustc --explain E0308`.","code":null,"level":"failure-note","spans":[],"children":[],"rendered":"\u001b[1mFor more information about this error, try `rustc --explain E0308`.\u001b[0m\n"}
