{"$message_type":"diagnostic","message":"linking with `cc` failed: exit status: 1","code":null,"level":"error","spans":[],"children":[{"message":" \"cc\" \"/var/www/rustux.com/prod/kernel/target/aarch64-unknown-linux-gnu/debug/deps/rustcEnCB4q/symbols.o\" \"<106 object files omitted>\" \"-Wl,--as-needed\" \"-Wl,-Bstatic\" \"/var/www/rustux.com/prod/kernel/target/aarch64-unknown-linux-gnu/debug/deps/{libspin-093876bc550fc221,liblock_api-7483bf1ea0dd5409,libscopeguard-540bdd40e70755c1}.rlib\" \"<sysroot>/lib/rustlib/aarch64-unknown-linux-gnu/lib/{liballoc-*,libcore-*,libcompiler_builtins-*}.rlib\" \"-L\" \"/var/www/rustux.com/prod/kernel/target/aarch64-unknown-linux-gnu/debug/deps/rustcEnCB4q/raw-dylibs\" \"-Wl,-Bdynamic\" \"-B<sysroot>/lib/rustlib/x86_64-unknown-linux-gnu/bin/gcc-ld\" \"-fuse-ld=lld\" \"-Wl,--eh-frame-hdr\" \"-Wl,-z,noexecstack\" \"-L\" \"<sysroot>/lib/rustlib/aarch64-unknown-linux-gnu/lib\" \"-o\" \"/var/www/rustux.com/prod/kernel/target/aarch64-unknown-linux-gnu/debug/deps/rustux-bc7a61b3d824ac0b\" \"-Wl,--gc-sections\" \"-pie\" \"-Wl,-z,relro,-z,now\" \"-nodefaultlibs\"","code":null,"level":"note","spans":[],"children":[],"rendered":null},{"message":"some arguments are omitted. use `--verbose` to show all linker arguments","code":null,"level":"note","spans":[],"children":[],"rendered":null},{"message":"rust-lld: error: /var/www/rustux.com/prod/kernel/target/aarch64-unknown-linux-gnu/debug/deps/rustcEnCB4q/symbols.o is incompatible with elf_x86_64\nrust-lld: error: /var/www/rustux.com/prod/kernel/target/aarch64-unknown-linux-gnu/debug/deps/rustux-bc7a61b3d824ac0b.005tnx08hjuejgrddso6zjuj5.0coe8gh.rcgu.o is incompatible with elf_x86_64\nrust-lld: error: /var/www/rustux.com/prod/kernel/target/aarch64-unknown-linux-gnu/debug/deps/rustux-bc7a61b3d824ac0b.01tkjg0mfs70fqx4fmss8nvtk.0coe8gh.rcgu.o is incompatible with elf_x86_64\nrust-lld: error: /var/www/rustux.com/prod/kernel/target/aarch64-unknown-linux-gnu/debug/deps/rustux-bc7a61b3d824ac0b.06xrzl42vuzy30pl89vk0vnai.0coe8gh.rcgu.o is incompatible with elf_x86_64\nrust-lld: error: /var/www/rustux.com/prod/kernel/target/aarch64-unknown-linux-gnu/debug/deps/rustux-bc7a61b3d824ac0b.0f1uf61xd9enqkgc1knwl0y59.0coe8gh.rcgu.o is incompatible with elf_x86_64\nrust-lld: error: /var/www/rustux.com/prod/kernel/target/aarch64-unknown-linux-gnu/debug/deps/rustux-bc7a61b3d824ac0b.0f2zev5qp74jp1352rcn5wrh4.0coe8gh.rcgu.o is incompatible with elf_x86_64\nrust-lld: error: /var/www/rustux.com/prod/kernel/target/aarch64-unknown-linux-gnu/debug/deps/rustux-bc7a61b3d824ac0b.0fn1v4atr0dg6dc88sqa8qt4x.0coe8gh.rcgu.o is incompatible with elf_x86_64\nrust-lld: error: /var/www/rustux.com/prod/kernel/target/aarch64-unknown-linux-gnu/debug/deps/rustux-bc7a61b3d824ac0b.0k5t4b5utnmsoe7zwrhx7aux8.0coe8gh.rcgu.o is incompatible with elf_x86_64\nrust-lld: error: /var/www/rustux.com/prod/kernel/target/aarch64-unknown-linux-gnu/debug/deps/rustux-bc7a61b3d824ac0b.0k7ug1m496e8mokarermp2z13.0coe8gh.rcgu.o is incompatible with elf_x86_64\nrust-lld: error: /var/www/rustux.com/prod/kernel/target/aarch64-unknown-linux-gnu/debug/deps/rustux-bc7a61b3d824ac0b.0mxgg7zs328gj6um35hgmnsb1.0coe8gh.rcgu.o is incompatible with elf_x86_64\nrust-lld: error: /var/www/rustux.com/prod/kernel/target/aarch64-unknown-linux-gnu/debug/deps/rustux-bc7a61b3d824ac0b.0npjsyo44ulpv5cgz6r33je3s.0coe8gh.rcgu.o is incompatible with elf_x86_64\nrust-lld: error: /var/www/rustux.com/prod/kernel/target/aarch64-unknown-linux-gnu/debug/deps/rustux-bc7a61b3d824ac0b.0p8pscsd1o2l3m270lbb197pb.0coe8gh.rcgu.o is incompatible with elf_x86_64\nrust-lld: error: /var/www/rustux.com/prod/kernel/target/aarch64-unknown-linux-gnu/debug/deps/rustux-bc7a61b3d824ac0b.0twrx6b49xedno3aqyjpk2lp0.0coe8gh.rcgu.o is incompatible with elf_x86_64\nrust-lld: error: /var/www/rustux.com/prod/kernel/target/aarch64-unknown-linux-gnu/debug/deps/rustux-bc7a61b3d824ac0b.0v15qsudwcn92m3a0s2x4mwk1.0coe8gh.rcgu.o is incompatible with elf_x86_64\nrust-lld: error: /var/www/rustux.com/prod/kernel/target/aarch64-unknown-linux-gnu/debug/deps/rustux-bc7a61b3d824ac0b.0vl7qyg0r2mvuaa2v8x8tlsf1.0coe8gh.rcgu.o is incompatible with elf_x86_64\nrust-lld: error: /var/www/rustux.com/prod/kernel/target/aarch64-unknown-linux-gnu/debug/deps/rustux-bc7a61b3d824ac0b.1lbwqmkz3jpuk3po51wbn2kru.0coe8gh.rcgu.o is incompatible with elf_x86_64\nrust-lld: error: /var/www/rustux.com/prod/kernel/target/aarch64-unknown-linux-gnu/debug/deps/rustux-bc7a61b3d824ac0b.1p1jnj0pcsfgi0krmfl6ru5wg.0coe8gh.rcgu.o is incompatible with elf_x86_64\nrust-lld: error: /var/www/rustux.com/prod/kernel/target/aarch64-unknown-linux-gnu/debug/deps/rustux-bc7a61b3d824ac0b.1u2mzpqaf41ud2qtr4sgztaet.0coe8gh.rcgu.o is incompatible with elf_x86_64\nrust-lld: error: /var/www/rustux.com/prod/kernel/target/aarch64-unknown-linux-gnu/debug/deps/rustux-bc7a61b3d824ac0b.1vemlxssx9gnip4ni4ridcl4j.0coe8gh.rcgu.o is incompatible with elf_x86_64\nrust-lld: error: /var/www/rustux.com/prod/kernel/target/aarch64-unknown-linux-gnu/debug/deps/rustux-bc7a61b3d824ac0b.25iswpaxg9204yd3945npx00b.0coe8gh.rcgu.o is incompatible with elf_x86_64\nrust-lld: error: too many errors emitted, stopping now (use --error-limit=0 to see all errors)\ncollect2: error: ld returned 1 exit status\n","code":null,"level":"note","spans":[],"children":[],"rendered":null}],"rendered":"\u001b[1m\u001b[91merror\u001b[0m\u001b[1m: linking with `cc` failed: exit status: 1\u001b[0m\n  \u001b[1m\u001b[94m|\u001b[0m\n  \u001b[1m\u001b[94m= \u001b[0m\u001b[1mnote\u001b[0m:  \"cc\" \"/var/www/rustux.com/prod/kernel/target/aarch64-unknown-linux-gnu/debug/deps/rustcEnCB4q/symbols.o\" \"<106 object files omitted>\" \"-Wl,--as-needed\" \"-Wl,-Bstatic\" \"/var/www/rustux.com/prod/kernel/target/aarch64-unknown-linux-gnu/debug/deps/{libspin-093876bc550fc221,liblock_api-7483bf1ea0dd5409,libscopeguard-540bdd40e70755c1}.rlib\" \"<sysroot>/lib/rustlib/aarch64-unknown-linux-gnu/lib/{liballoc-*,libcore-*,libcompiler_builtins-*}.rlib\" \"-L\" \"/var/www/rustux.com/prod/kernel/target/aarch64-unknown-linux-gnu/debug/deps/rustcEnCB4q/raw-dylibs\" \"-Wl,-Bdynamic\" \"-B<sysroot>/lib/rustlib/x86_64-unknown-linux-gnu/bin/gcc-ld\" \"-fuse-ld=lld\" \"-Wl,--eh-frame-hdr\" \"-Wl,-z,noexecstack\" \"-L\" \"<sysroot>/lib/rustlib/aarch64-unknown-linux-gnu/lib\" \"-o\" \"/var/www/rustux.com/prod/kernel/target/aarch64-unknown-linux-gnu/debug/deps/rustux-bc7a61b3d824ac0b\" \"-Wl,--gc-sections\" \"-pie\" \"-Wl,-z,relro,-z,now\" \"-nodefaultlibs\"\n  \u001b[1m\u001b[94m= \u001b[0m\u001b[1mnote\u001b[0m: some arguments are omitted. use `--verbose` to show all linker arguments\n  \u001b[1m\u001b[94m= \u001b[0m\u001b[1mnote\u001b[0m: rust-lld: error: /var/www/rustux.com/prod/kernel/target/aarch64-unknown-linux-gnu/debug/deps/rustcEnCB4q/symbols.o is incompatible with elf_x86_64\n          rust-lld: error: /var/www/rustux.com/prod/kernel/target/aarch64-unknown-linux-gnu/debug/deps/rustux-bc7a61b3d824ac0b.005tnx08hjuejgrddso6zjuj5.0coe8gh.rcgu.o is incompatible with elf_x86_64\n          rust-lld: error: /var/www/rustux.com/prod/kernel/target/aarch64-unknown-linux-gnu/debug/deps/rustux-bc7a61b3d824ac0b.01tkjg0mfs70fqx4fmss8nvtk.0coe8gh.rcgu.o is incompatible with elf_x86_64\n          rust-lld: error: /var/www/rustux.com/prod/kernel/target/aarch64-unknown-linux-gnu/debug/deps/rustux-bc7a61b3d824ac0b.06xrzl42vuzy30pl89vk0vnai.0coe8gh.rcgu.o is incompatible with elf_x86_64\n          rust-lld: error: /var/www/rustux.com/prod/kernel/target/aarch64-unknown-linux-gnu/debug/deps/rustux-bc7a61b3d824ac0b.0f1uf61xd9enqkgc1knwl0y59.0coe8gh.rcgu.o is incompatible with elf_x86_64\n          rust-lld: error: /var/www/rustux.com/prod/kernel/target/aarch64-unknown-linux-gnu/debug/deps/rustux-bc7a61b3d824ac0b.0f2zev5qp74jp1352rcn5wrh4.0coe8gh.rcgu.o is incompatible with elf_x86_64\n          rust-lld: error: /var/www/rustux.com/prod/kernel/target/aarch64-unknown-linux-gnu/debug/deps/rustux-bc7a61b3d824ac0b.0fn1v4atr0dg6dc88sqa8qt4x.0coe8gh.rcgu.o is incompatible with elf_x86_64\n          rust-lld: error: /var/www/rustux.com/prod/kernel/target/aarch64-unknown-linux-gnu/debug/deps/rustux-bc7a61b3d824ac0b.0k5t4b5utnmsoe7zwrhx7aux8.0coe8gh.rcgu.o is incompatible with elf_x86_64\n          rust-lld: error: /var/www/rustux.com/prod/kernel/target/aarch64-unknown-linux-gnu/debug/deps/rustux-bc7a61b3d824ac0b.0k7ug1m496e8mokarermp2z13.0coe8gh.rcgu.o is incompatible with elf_x86_64\n          rust-lld: error: /var/www/rustux.com/prod/kernel/target/aarch64-unknown-linux-gnu/debug/deps/rustux-bc7a61b3d824ac0b.0mxgg7zs328gj6um35hgmnsb1.0coe8gh.rcgu.o is incompatible with elf_x86_64\n          rust-lld: error: /var/www/rustux.com/prod/kernel/target/aarch64-unknown-linux-gnu/debug/deps/rustux-bc7a61b3d824ac0b.0npjsyo44ulpv5cgz6r33je3s.0coe8gh.rcgu.o is incompatible with elf_x86_64\n          rust-lld: error: /var/www/rustux.com/prod/kernel/target/aarch64-unknown-linux-gnu/debug/deps/rustux-bc7a61b3d824ac0b.0p8pscsd1o2l3m270lbb197pb.0coe8gh.rcgu.o is incompatible with elf_x86_64\n          rust-lld: error: /var/www/rustux.com/prod/kernel/target/aarch64-unknown-linux-gnu/debug/deps/rustux-bc7a61b3d824ac0b.0twrx6b49xedno3aqyjpk2lp0.0coe8gh.rcgu.o is incompatible with elf_x86_64\n          rust-lld: error: /var/www/rustux.com/prod/kernel/target/aarch64-unknown-linux-gnu/debug/deps/rustux-bc7a61b3d824ac0b.0v15qsudwcn92m3a0s2x4mwk1.0coe8gh.rcgu.o is incompatible with elf_x86_64\n          rust-lld: error: /var/www/rustux.com/prod/kernel/target/aarch64-unknown-linux-gnu/debug/deps/rustux-bc7a61b3d824ac0b.0vl7qyg0r2mvuaa2v8x8tlsf1.0coe8gh.rcgu.o is incompatible with elf_x86_64\n          rust-lld: error: /var/www/rustux.com/prod/kernel/target/aarch64-unknown-linux-gnu/debug/deps/rustux-bc7a61b3d824ac0b.1lbwqmkz3jpuk3po51wbn2kru.0coe8gh.rcgu.o is incompatible with elf_x86_64\n          rust-lld: error: /var/www/rustux.com/prod/kernel/target/aarch64-unknown-linux-gnu/debug/deps/rustux-bc7a61b3d824ac0b.1p1jnj0pcsfgi0krmfl6ru5wg.0coe8gh.rcgu.o is incompatible with elf_x86_64\n          rust-lld: error: /var/www/rustux.com/prod/kernel/target/aarch64-unknown-linux-gnu/debug/deps/rustux-bc7a61b3d824ac0b.1u2mzpqaf41ud2qtr4sgztaet.0coe8gh.rcgu.o is incompatible with elf_x86_64\n          rust-lld: error: /var/www/rustux.com/prod/kernel/target/aarch64-unknown-linux-gnu/debug/deps/rustux-bc7a61b3d824ac0b.1vemlxssx9gnip4ni4ridcl4j.0coe8gh.rcgu.o is incompatible with elf_x86_64\n          rust-lld: error: /var/www/rustux.com/prod/kernel/target/aarch64-unknown-linux-gnu/debug/deps/rustux-bc7a61b3d824ac0b.25iswpaxg9204yd3945npx00b.0coe8gh.rcgu.o is incompatible with elf_x86_64\n          rust-lld: error: too many errors emitted, stopping now (use --error-limit=0 to see all errors)\n          collect2: error: ld returned 1 exit status\n          \n\n"}
{"$message_type":"diagnostic","message":"aborting due to 1 previous error","code":null,"level":"error","spans":[],"children":[],"rendered":"\u001b[1m\u001b[91merror\u001b[0m\u001b[1m: aborting due to 1 previous error\u001b[0m\n\n"}
